POST /api/v1/on-covid-19/json 200 2.668 ms
POST /api/v1/on-covid-19/json 200 0.849 ms
POST /api/v1/on-covid-19/ 200 1.493 ms
POST /api/v1/on-covid-19/ 200 0.926 ms
GET /api/v1/on-covid-19/logs 200 13.840 ms
GET /api/v1/on-covid-19/logs 200 92.828 ms
GET /api/v1/on-covid-19/logs 200 30.801 ms
GET /api/v1/on-covid-19/logs 200 27.800 ms
POST /api/v1/on-covid-19/xml 500 7.127 ms
POST /api/v1/on-covid-19/xml 500 2.256 ms
POST /api/v1/on-covid-19/xml 500 1.803 ms
POST /api/v1/on-covid-19/xml 500 0.814 ms
POST /api/v1/on-covid-19/xml 500 23.374 ms
POST /api/v1/on-covid-19/xml 500 1.988 ms
POST /api/v1/on-covid-19/json 200 6.152 ms
POST /api/v1/on-covid-19/json 200 7.105 ms
POST /api/v1/on-covid-19/xml 200 10.097 ms
GET /api/v1/on-covid-19/logs 200 12.548 ms
GET /api/v1/on-covid-19/logs 200 4.349 ms
GET /api/v1/on-covid-19/logs 200 12 ms
GET /api/v1/on-covid-19/logs 200 7 ms
GET /api/v1/on-covid-19/logs 200 60 ms
GET /api/v1/on-covid-19/logs 200 31 ms
GET /api/v1/on-covid-19/logs 200 5 ms
